<?xml version="1.0" encoding="UTF-8"?>
<!-- Generated by org.testng.reporters.JUnitXMLReporter -->
<testsuite ignored="3" hostname="LAPTOP-EHB82DG5" failures="1" tests="1" name="Default test(failed)" time="0.1" errors="0" timestamp="2025-04-03T07:17:08 IST">
  <testcase classname="com.hyr.PracticeTestNG.TestClass" name="Thirdmethod" time="0.024">
    <failure type="java.lang.AssertionError" message="expected [fail] but found [pass]">
      <![CDATA[java.lang.AssertionError: expected [fail] but found [pass]
at com.hyr.PracticeTestNG.TestClass.Thirdmethod(TestClass.java:62)
at java.base/java.util.ArrayList.forEach(ArrayList.java:1541)
... Removed 33 stack frames]]>
    </failure>
  </testcase> <!-- Thirdmethod -->
  <testcase classname="com.hyr.PracticeTestNG.TestClass" name="bfirstFacebookmethd" time="0.0">
    <ignored/>
  </testcase> <!-- bfirstFacebookmethd -->
  <testcase classname="com.hyr.PracticeTestNG.TestClass" name="Fourthmethod" time="0.0">
    <ignored/>
  </testcase> <!-- Fourthmethod -->
  <testcase classname="com.hyr.PracticeTestNG.TestClass" name="aGoogleSearchMethod" time="0.0">
    <ignored/>
  </testcase> <!-- aGoogleSearchMethod -->
</testsuite> <!-- Default test(failed) -->
