<?xml version="1.0" encoding="UTF-8"?>
<!-- Generated by org.testng.reporters.JUnitXMLReporter -->
<testsuite ignored="0" hostname="LAPTOP-EHB82DG5" failures="1" tests="1" name="regression on login page" time="0.085" errors="0" timestamp="2026-01-22T07:37:17 IST">
  <testcase classname="com.hyr.PracticeTestNG.Parameter" name="printName" time="0.0">
    <failure type="org.testng.TestNGException" message="
Parameter &amp;apos;Logi&amp;apos; is required by @Test on method printName but has not been marked @Optional or defined
in C:\Users\91852\eclipse-workspace\PracticeTestNG\testng.xml">
      <![CDATA[org.testng.TestNGException: 
Parameter 'Logi' is required by @Test on method printName but has not been marked @Optional or defined
in C:\Users\91852\eclipse-workspace\PracticeTestNG\testng.xml
at org.testng.internal.Parameters.createParams(Parameters.java:267)
at org.testng.internal.Parameters.createParametersForMethod(Parameters.java:355)
at org.testng.internal.Parameters.createParameters(Parameters.java:684)
at org.testng.internal.Parameters.handleParameters(Parameters.java:879)
at org.testng.internal.Parameters.handleParameters(Parameters.java:728)
at org.testng.internal.invokers.ParameterHandler.handleParameters(ParameterHandler.java:72)
at org.testng.internal.invokers.ParameterHandler.createParameters(ParameterHandler.java:51)
at org.testng.internal.invokers.TestInvoker$MethodInvocationAgent.invoke(TestInvoker.java:924)
at org.testng.internal.invokers.TestInvoker.invokeTestMethods(TestInvoker.java:194)
at org.testng.internal.invokers.TestMethodWorker.invokeTestMethods(TestMethodWorker.java:148)
at org.testng.internal.invokers.TestMethodWorker.run(TestMethodWorker.java:128)
at java.base/java.util.concurrent.ThreadPoolExecutor.runWorker(ThreadPoolExecutor.java:1128)
at java.base/java.util.concurrent.ThreadPoolExecutor$Worker.run(ThreadPoolExecutor.java:628)
at java.base/java.lang.Thread.run(Thread.java:834)
]]>
    </failure>
  </testcase> <!-- printName -->
</testsuite> <!-- regression on login page -->
