<?xml version="1.0" encoding="UTF-8"?>
<!-- Generated by org.testng.reporters.JUnitXMLReporter -->
<testsuite hostname="LAPTOP-EHB82DG5" ignored="1" name="Default test(failed)(failed)" tests="1" failures="0" timestamp="2023-10-27T07:40:43 IST" time="3.587" errors="0">
  <testcase name="afirstFacebookmethd" time="3.537" classname="com.hyr.PracticeTestNG.TestClass"/>
  <testcase name="bGoogleSearchMethod" time="0.0" classname="com.hyr.PracticeTestNG.TestClass">
    <ignored/>
  </testcase> <!-- bGoogleSearchMethod -->
</testsuite> <!-- Default test(failed)(failed) -->
