<?xml version="1.0" encoding="UTF-8"?>
<!-- Generated by org.testng.reporters.JUnitXMLReporter -->
<testsuite hostname="LAPTOP-EHB82DG5" ignored="0" name="fire Search" tests="9" failures="0" timestamp="2023-02-04T07:22:23 IST" time="7.304" errors="0">
  <testcase name="afirstFacebookmethd" time="3.598" classname="com.hyr.PracticeTestNG.TestClass"/>
  <testcase name="bGoogleSearchMethod" time="3.598" classname="com.hyr.PracticeTestNG.TestClass"/>
  <testcase name="f" time="0.0" classname="com.hyr.PracticeTestNG.Anotationsex"/>
  <testcase name="startthecar" time="0.0" classname="com.hyr.PracticeTestNG.PriorityClass"/>
  <testcase name="FirstGEAR" time="0.0" classname="com.hyr.PracticeTestNG.PriorityClass"/>
  <testcase name="SecondGEAR" time="0.0" classname="com.hyr.PracticeTestNG.PriorityClass"/>
  <testcase name="ThirdGEAR" time="0.0" classname="com.hyr.PracticeTestNG.PriorityClass"/>
  <testcase name="ForthGEAR" time="0.0" classname="com.hyr.PracticeTestNG.PriorityClass"/>
  <testcase name="TurntheMusicON" time="0.001" classname="com.hyr.PracticeTestNG.PriorityClass"/>
</testsuite> <!-- fire Search -->
