<?xml version="1.0" encoding="UTF-8"?>
<!-- Generated by org.testng.reporters.JUnitXMLReporter -->
<testsuite hostname="LAPTOP-EHB82DG5" ignored="0" name="google Search" tests="6" failures="0" timestamp="2023-12-06T07:17:30 IST" time="0.06" errors="0">
  <testcase name="startthecar" time="0.004" classname="com.hyr.PracticeTestNG.PriorityClass"/>
  <testcase name="FirstGEAR" time="0.0" classname="com.hyr.PracticeTestNG.PriorityClass"/>
  <testcase name="SecondGEAR" time="0.0" classname="com.hyr.PracticeTestNG.PriorityClass"/>
  <testcase name="ThirdGEAR" time="0.0" classname="com.hyr.PracticeTestNG.PriorityClass"/>
  <testcase name="ForthGEAR" time="0.0" classname="com.hyr.PracticeTestNG.PriorityClass"/>
  <testcase name="TurntheMusicON" time="0.0" classname="com.hyr.PracticeTestNG.PriorityClass"/>
</testsuite> <!-- google Search -->
