<?xml version="1.0" encoding="UTF-8"?>
<!-- Generated by org.testng.reporters.JUnitReportReporter -->
<testsuite hostname="LAPTOP-EHB82DG5" failures="0" tests="1" name="learnappium.Appium_Mobile.MiscelllanousAppiumActivities" time="13.238" errors="0" timestamp="2024-05-15T15:15:14 IST" skipped="0">
  <testcase classname="learnappium.Appium_Mobile.MiscelllanousAppiumActivities" name="Miscellanous" time="13.238"/>
  <system-out/>
</testsuite> <!-- learnappium.Appium_Mobile.MiscelllanousAppiumActivities -->
