<?xml version="1.0" encoding="UTF-8"?>
<!-- Generated by org.testng.reporters.JUnitReportReporter -->
<testsuite hostname="LAPTOP-EHB82DG5" failures="0" tests="2" name="com.hyr.PracticeTestNG.TestClass2" time="3.412" errors="0" timestamp="2025-10-25T07:21:45 IST" skipped="0">
  <testcase classname="com.hyr.PracticeTestNG.TestClass2" name="Login" time="1.778"/>
  <system-out/>
  <testcase classname="com.hyr.PracticeTestNG.TestClass2" name="loot" time="1.634"/>
  <system-out/>
</testsuite> <!-- com.hyr.PracticeTestNG.TestClass2 -->
