<?xml version="1.0" encoding="UTF-8"?>
<!-- Generated by org.testng.reporters.JUnitReportReporter -->
<testsuite hostname="LAPTOP-EHB82DG5" failures="0" tests="3" name="com.hyr.PracticeTestNG.Anotationsex" time="0.032" errors="0" timestamp="2026-04-07T07:15:26 IST" skipped="0">
  <testcase classname="com.hyr.PracticeTestNG.Anotationsex" name="bf" time="0.009"/>
  <system-out/>
  <testcase classname="com.hyr.PracticeTestNG.Anotationsex" name="cf" time="0.007"/>
  <system-out/>
  <testcase classname="com.hyr.PracticeTestNG.Anotationsex" name="af" time="0.016"/>
  <system-out/>
</testsuite> <!-- com.hyr.PracticeTestNG.Anotationsex -->
