<?xml version="1.0" encoding="UTF-8"?>
<!-- Generated by org.testng.reporters.JUnitReportReporter -->
<testsuite hostname="LAPTOP-EHB82DG5" failures="0" tests="2" name="com.hyr.PracticeTestNG.Parameter" time="0.024" errors="0" timestamp="2026-04-07T07:39:35 IST" skipped="0">
  <testcase classname="com.hyr.PracticeTestNG.Parameter" name="printName11111" time="0.002"/>
  <system-out/>
  <testcase classname="com.hyr.PracticeTestNG.Parameter" name="printNaame22222" time="0.022"/>
  <system-out/>
</testsuite> <!-- com.hyr.PracticeTestNG.Parameter -->
