<?xml version="1.0" encoding="UTF-8"?>
<!-- Generated by org.testng.reporters.JUnitReportReporter -->
<testsuite hostname="LAPTOP-EHB82DG5" failures="0" tests="2" name="com.hyr.PracticeTestNG.GroupingEX" time="0.040" errors="0" timestamp="2026-04-07T07:29:53 IST" skipped="0">
  <testcase classname="com.hyr.PracticeTestNG.GroupingEX" name="BENZ" time="0.001"/>
  <system-out/>
  <testcase classname="com.hyr.PracticeTestNG.GroupingEX" name="AUDI" time="0.039"/>
  <system-out/>
</testsuite> <!-- com.hyr.PracticeTestNG.GroupingEX -->
