<?xml version="1.0" encoding="UTF-8"?>
<!-- Generated by org.testng.reporters.JUnitXMLReporter -->
<testsuite hostname="LAPTOP-EHB82DG5" ignored="2" name="googleSearch" tests="2" failures="0" timestamp="2022-12-26T22:44:19 IST" time="0.063" errors="0">
  <testcase name="AUDI" time="0.0" classname="com.hyr.PracticeTestNG.GroupingEX"/>
  <testcase name="BENZ" time="0.0" classname="com.hyr.PracticeTestNG.GroupingEX"/>
  <testcase name="Apple" time="0.0" classname="com.hyr.PracticeTestNG.GroupingEX">
    <ignored/>
  </testcase> <!-- Apple -->
  <testcase name="orange" time="0.0" classname="com.hyr.PracticeTestNG.GroupingEX">
    <ignored/>
  </testcase> <!-- orange -->
</testsuite> <!-- googleSearch -->
