<?xml version="1.0" encoding="UTF-8"?>
<!-- Generated by org.testng.reporters.JUnitXMLReporter -->
<testsuite hostname="LAPTOP-EHB82DG5" ignored="4" name="google Search" tests="2" failures="0" timestamp="2022-12-27T07:44:24 IST" time="0.061" errors="0">
  <testcase name="AUDI" time="0.011" classname="com.hyr.PracticeTestNG.GroupingEX"/>
  <testcase name="BENZ" time="0.001" classname="com.hyr.PracticeTestNG.GroupingEX"/>
  <testcase name="Apple" time="0.0" classname="com.hyr.PracticeTestNG.GroupingEX">
    <ignored/>
  </testcase> <!-- Apple -->
  <testcase name="bGoogleSearchMethod" time="0.0" classname="com.hyr.PracticeTestNG.TestClass">
    <ignored/>
  </testcase> <!-- bGoogleSearchMethod -->
  <testcase name="orange" time="0.0" classname="com.hyr.PracticeTestNG.GroupingEX">
    <ignored/>
  </testcase> <!-- orange -->
  <testcase name="afirstFacebookmethd" time="0.0" classname="com.hyr.PracticeTestNG.TestClass">
    <ignored/>
  </testcase> <!-- afirstFacebookmethd -->
</testsuite> <!-- google Search -->
